<?xml version="1.0" encoding="UTF-8"?>
<!-- Generated by org.testng.reporters.JUnitXMLReporter -->
<testsuite ignored="2" hostname="Neguss-MacBook-Pro.local" failures="0" tests="1" name="Login Tests" time="8.201" errors="0" timestamp="23 May 2024 19:39:52 GMT">
  <testcase classname="com.qa.orangehrm.tests.LoginTests" name="testLoginFeature" time="1.205"/>
  <testcase classname="com.qa.orangehrm.tests.LoginTests" name="testPageTitle" time="0.0">
    <ignored/>
  </testcase> <!-- testPageTitle -->
  <testcase classname="com.qa.orangehrm.tests.LoginTests" name="testLoginLogo" time="0.0">
    <ignored/>
  </testcase> <!-- testLoginLogo -->
</testsuite> <!-- Login Tests -->
