<?xml version="1.0" encoding="UTF-8"?>
<testng-results ignored="2" total="3" passed="1" failed="0" skipped="0">
  <reporter-output>
  </reporter-output>
  <suite started-at="2024-05-23T19:39:43Z" name="Suite" finished-at="2024-05-23T19:39:52Z" duration-ms="8201">
    <groups>
      <group name="Login.login">
        <method signature="LoginTests.testLoginFeature()[pri:0, instance:com.qa.orangehrm.tests.LoginTests@5b6ec132]" name="testLoginFeature" class="com.qa.orangehrm.tests.LoginTests"/>
      </group> <!-- Login.login -->
    </groups>
    <test started-at="2024-05-23T19:39:43Z" name="Login Tests" finished-at="2024-05-23T19:39:52Z" duration-ms="8201">
      <class name="com.qa.orangehrm.tests.LoginTests">
        <test-method is-config="true" signature="setUp()[pri:0, instance:com.qa.orangehrm.tests.LoginTests@5b6ec132]" started-at="2024-05-23T19:39:43Z" name="setUp" finished-at="2024-05-23T19:39:50Z" duration-ms="6889" status="PASS">
          <reporter-output>
          </reporter-output>
        </test-method> <!-- setUp -->
        <test-method signature="testLoginFeature()[pri:0, instance:com.qa.orangehrm.tests.LoginTests@5b6ec132]" started-at="2024-05-23T19:39:50Z" name="testLoginFeature" finished-at="2024-05-23T19:39:52Z" duration-ms="1205" status="PASS">
          <reporter-output>
          </reporter-output>
        </test-method> <!-- testLoginFeature -->
        <test-method is-config="true" signature="cleanUp()[pri:0, instance:com.qa.orangehrm.tests.LoginTests@5b6ec132]" started-at="2024-05-23T19:39:52Z" name="cleanUp" finished-at="2024-05-23T19:39:52Z" duration-ms="94" status="PASS">
          <reporter-output>
          </reporter-output>
        </test-method> <!-- cleanUp -->
      </class> <!-- com.qa.orangehrm.tests.LoginTests -->
    </test> <!-- Login Tests -->
  </suite> <!-- Suite -->
</testng-results>
